

Microchip MPLAB XC8 Assembler V2.32 build 20210201212658 
                                                                                               Wed Aug 11 13:48:15 2021

Microchip MPLAB XC8 C Compiler v2.32 (Free license) build 20210201212658 Og1 
     1                           	processor	16F887
     2                           	pagewidth 120
     3                           	opt	flic
     4                           	psect	cinit,global,class=CODE,merge=1,delta=2
     5                           	psect	bssCOMMON,global,class=COMMON,space=1,delta=1,noexec
     6                           	psect	cstackCOMMON,global,class=COMMON,space=1,delta=1,noexec
     7                           	psect	maintext,global,class=CODE,split=1,delta=2
     8                           	psect	text1,local,class=CODE,merge=1,delta=2
     9                           	psect	text2,local,class=CODE,merge=1,delta=2
    10                           	psect	text3,local,class=CODE,merge=1,delta=2
    11                           	psect	text4,local,class=CODE,merge=1,delta=2
    12                           	psect	intentry,global,class=CODE,delta=2
    13                           	psect	config,global,abs,ovrld,class=CONFIG,space=4,delta=2,noexec
    14                           	dabs	1,0x7E,2
    15  0000                     
    16                           ; Version 2.20
    17                           ; Generated 12/02/2020 GMT
    18                           ; 
    19                           ; Copyright © 2020, Microchip Technology Inc. and its subsidiaries ("Microchip")
    20                           ; All rights reserved.
    21                           ; 
    22                           ; This software is developed by Microchip Technology Inc. and its subsidiaries ("Microch
      +                          ip").
    23                           ; 
    24                           ; Redistribution and use in source and binary forms, with or without modification, are
    25                           ; permitted provided that the following conditions are met:
    26                           ; 
    27                           ;     1. Redistributions of source code must retain the above copyright notice, this lis
      +                          t of
    28                           ;        conditions and the following disclaimer.
    29                           ; 
    30                           ;     2. Redistributions in binary form must reproduce the above copyright notice, this 
      +                          list
    31                           ;        of conditions and the following disclaimer in the documentation and/or other
    32                           ;        materials provided with the distribution.
    33                           ; 
    34                           ;     3. Microchip's name may not be used to endorse or promote products derived from th
      +                          is
    35                           ;        software without specific prior written permission.
    36                           ; 
    37                           ; THIS SOFTWARE IS PROVIDED BY MICROCHIP "AS IS" AND ANY EXPRESS OR IMPLIED WARRANTIES,
    38                           ; INCLUDING, BUT NOT LIMITED TO, THE IMPLIED WARRANTIES OF MERCHANTABILITY AND FITNESS F
      +                          OR
    39                           ; PURPOSE ARE DISCLAIMED.  IN NO EVENT SHALL MICROCHIP BE LIABLE FOR ANY DIRECT, INDIREC
      +                          T,
    40                           ; INCIDENTAL, SPECIAL, EXEMPLARY, OR CONSEQUENTIAL DAMAGES (INCLUDING BUT NOT LIMITED TO
    41                           ; PROCUREMENT OF SUBSTITUTE GOODS OR SERVICES; LOSS OF USE, DATA OR PROFITS; OR BUSINESS
    42                           ; INTERRUPTION) HOWSOEVER CAUSED AND ON ANY THEORY OF LIABILITY, WHETHER IN CONTRACT, ST
      +                          RICT
    43                           ; LIABILITY, OR TORT (INCLUDING NEGLIGENCE OR OTHERWISE) ARISING IN ANY WAY OUT OF THE U
      +                          SE OF
    44                           ; THIS SOFTWARE, EVEN IF ADVISED OF THE POSSIBILITY OF SUCH DAMAGE.
    45                           ; 
    46                           ; 
    47                           ; Code-generator required, PIC16F887 Definitions
    48                           ; 
    49                           ; SFR Addresses
    50  0000                     	;# 
    51  0001                     	;# 
    52  0002                     	;# 
    53  0003                     	;# 
    54  0004                     	;# 
    55  0005                     	;# 
    56  0006                     	;# 
    57  0007                     	;# 
    58  0008                     	;# 
    59  0009                     	;# 
    60  000A                     	;# 
    61  000B                     	;# 
    62  000C                     	;# 
    63  000D                     	;# 
    64  000E                     	;# 
    65  000E                     	;# 
    66  000F                     	;# 
    67  0010                     	;# 
    68  0011                     	;# 
    69  0012                     	;# 
    70  0013                     	;# 
    71  0014                     	;# 
    72  0015                     	;# 
    73  0015                     	;# 
    74  0016                     	;# 
    75  0017                     	;# 
    76  0018                     	;# 
    77  0019                     	;# 
    78  001A                     	;# 
    79  001B                     	;# 
    80  001B                     	;# 
    81  001C                     	;# 
    82  001D                     	;# 
    83  001E                     	;# 
    84  001F                     	;# 
    85  0081                     	;# 
    86  0085                     	;# 
    87  0086                     	;# 
    88  0087                     	;# 
    89  0088                     	;# 
    90  0089                     	;# 
    91  008C                     	;# 
    92  008D                     	;# 
    93  008E                     	;# 
    94  008F                     	;# 
    95  0090                     	;# 
    96  0091                     	;# 
    97  0092                     	;# 
    98  0093                     	;# 
    99  0093                     	;# 
   100  0093                     	;# 
   101  0094                     	;# 
   102  0095                     	;# 
   103  0096                     	;# 
   104  0097                     	;# 
   105  0098                     	;# 
   106  0099                     	;# 
   107  009A                     	;# 
   108  009B                     	;# 
   109  009C                     	;# 
   110  009D                     	;# 
   111  009E                     	;# 
   112  009F                     	;# 
   113  0105                     	;# 
   114  0107                     	;# 
   115  0108                     	;# 
   116  0109                     	;# 
   117  010C                     	;# 
   118  010C                     	;# 
   119  010D                     	;# 
   120  010E                     	;# 
   121  010F                     	;# 
   122  0185                     	;# 
   123  0187                     	;# 
   124  0188                     	;# 
   125  0189                     	;# 
   126  018C                     	;# 
   127  018D                     	;# 
   128  0000                     	;# 
   129  0001                     	;# 
   130  0002                     	;# 
   131  0003                     	;# 
   132  0004                     	;# 
   133  0005                     	;# 
   134  0006                     	;# 
   135  0007                     	;# 
   136  0008                     	;# 
   137  0009                     	;# 
   138  000A                     	;# 
   139  000B                     	;# 
   140  000C                     	;# 
   141  000D                     	;# 
   142  000E                     	;# 
   143  000E                     	;# 
   144  000F                     	;# 
   145  0010                     	;# 
   146  0011                     	;# 
   147  0012                     	;# 
   148  0013                     	;# 
   149  0014                     	;# 
   150  0015                     	;# 
   151  0015                     	;# 
   152  0016                     	;# 
   153  0017                     	;# 
   154  0018                     	;# 
   155  0019                     	;# 
   156  001A                     	;# 
   157  001B                     	;# 
   158  001B                     	;# 
   159  001C                     	;# 
   160  001D                     	;# 
   161  001E                     	;# 
   162  001F                     	;# 
   163  0081                     	;# 
   164  0085                     	;# 
   165  0086                     	;# 
   166  0087                     	;# 
   167  0088                     	;# 
   168  0089                     	;# 
   169  008C                     	;# 
   170  008D                     	;# 
   171  008E                     	;# 
   172  008F                     	;# 
   173  0090                     	;# 
   174  0091                     	;# 
   175  0092                     	;# 
   176  0093                     	;# 
   177  0093                     	;# 
   178  0093                     	;# 
   179  0094                     	;# 
   180  0095                     	;# 
   181  0096                     	;# 
   182  0097                     	;# 
   183  0098                     	;# 
   184  0099                     	;# 
   185  009A                     	;# 
   186  009B                     	;# 
   187  009C                     	;# 
   188  009D                     	;# 
   189  009E                     	;# 
   190  009F                     	;# 
   191  0105                     	;# 
   192  0107                     	;# 
   193  0108                     	;# 
   194  0109                     	;# 
   195  010C                     	;# 
   196  010C                     	;# 
   197  010D                     	;# 
   198  010E                     	;# 
   199  010F                     	;# 
   200  0185                     	;# 
   201  0187                     	;# 
   202  0188                     	;# 
   203  0189                     	;# 
   204  018C                     	;# 
   205  018D                     	;# 
   206  0000                     	;# 
   207  0001                     	;# 
   208  0002                     	;# 
   209  0003                     	;# 
   210  0004                     	;# 
   211  0005                     	;# 
   212  0006                     	;# 
   213  0007                     	;# 
   214  0008                     	;# 
   215  0009                     	;# 
   216  000A                     	;# 
   217  000B                     	;# 
   218  000C                     	;# 
   219  000D                     	;# 
   220  000E                     	;# 
   221  000E                     	;# 
   222  000F                     	;# 
   223  0010                     	;# 
   224  0011                     	;# 
   225  0012                     	;# 
   226  0013                     	;# 
   227  0014                     	;# 
   228  0015                     	;# 
   229  0015                     	;# 
   230  0016                     	;# 
   231  0017                     	;# 
   232  0018                     	;# 
   233  0019                     	;# 
   234  001A                     	;# 
   235  001B                     	;# 
   236  001B                     	;# 
   237  001C                     	;# 
   238  001D                     	;# 
   239  001E                     	;# 
   240  001F                     	;# 
   241  0081                     	;# 
   242  0085                     	;# 
   243  0086                     	;# 
   244  0087                     	;# 
   245  0088                     	;# 
   246  0089                     	;# 
   247  008C                     	;# 
   248  008D                     	;# 
   249  008E                     	;# 
   250  008F                     	;# 
   251  0090                     	;# 
   252  0091                     	;# 
   253  0092                     	;# 
   254  0093                     	;# 
   255  0093                     	;# 
   256  0093                     	;# 
   257  0094                     	;# 
   258  0095                     	;# 
   259  0096                     	;# 
   260  0097                     	;# 
   261  0098                     	;# 
   262  0099                     	;# 
   263  009A                     	;# 
   264  009B                     	;# 
   265  009C                     	;# 
   266  009D                     	;# 
   267  009E                     	;# 
   268  009F                     	;# 
   269  0105                     	;# 
   270  0107                     	;# 
   271  0108                     	;# 
   272  0109                     	;# 
   273  010C                     	;# 
   274  010C                     	;# 
   275  010D                     	;# 
   276  010E                     	;# 
   277  010F                     	;# 
   278  0185                     	;# 
   279  0187                     	;# 
   280  0188                     	;# 
   281  0189                     	;# 
   282  018C                     	;# 
   283  018D                     	;# 
   284  0009                     _PORTE	set	9
   285  0008                     _PORTD	set	8
   286  0007                     _PORTC	set	7
   287  0006                     _PORTB	set	6
   288  0005                     _PORTA	set	5
   289  0014                     _SSPCONbits	set	20
   290  000C                     _PIR1bits	set	12
   291  000B                     _INTCONbits	set	11
   292  0006                     _PORTBbits	set	6
   293  0013                     _SSPBUF	set	19
   294  0014                     _SSPCON	set	20
   295  0058                     _RBIF	set	88
   296  0063                     _SSPIF	set	99
   297  005E                     _PEIE	set	94
   298  005F                     _GIE	set	95
   299  0096                     _IOCBbits	set	150
   300  0095                     _WPUB	set	149
   301  0081                     _OPTION_REGbits	set	129
   302  008C                     _PIE1bits	set	140
   303  008F                     _OSCCONbits	set	143
   304  0088                     _TRISDbits	set	136
   305  0086                     _TRISBbits	set	134
   306  0094                     _SSPSTATbits	set	148
   307  0091                     _SSPCON2bits	set	145
   308  0087                     _TRISCbits	set	135
   309  0094                     _SSPSTAT	set	148
   310  0093                     _SSPADD	set	147
   311  0091                     _SSPCON2	set	145
   312  04A0                     _BF	set	1184
   313  0463                     _SSPIE	set	1123
   314  043C                     _TRISC4	set	1084
   315  043B                     _TRISC3	set	1083
   316  0189                     _ANSELH	set	393
   317  0188                     _ANSEL	set	392
   318                           
   319                           	psect	cinit
   320  000F                     start_initialization:	
   321                           ; #config settings
   322                           
   323  000F                     __initialization:
   324                           
   325                           ; Clear objects allocated to COMMON
   326  000F  01F0               	clrf	__pbssCOMMON& (0+127)
   327  0010  01F1               	clrf	(__pbssCOMMON+1)& (0+127)
   328  0011  01F2               	clrf	(__pbssCOMMON+2)& (0+127)
   329  0012  01F3               	clrf	(__pbssCOMMON+3)& (0+127)
   330  0013                     end_of_initialization:	
   331                           ;End of C runtime variable initialization code
   332                           
   333  0013                     __end_of__initialization:
   334  0013  0183               	clrf	3
   335  0014  120A  118A  28DA   	ljmp	_main	;jump to C main() function
   336                           
   337                           	psect	bssCOMMON
   338  0070                     __pbssCOMMON:
   339  0070                     _count:
   340  0070                     	ds	1
   341  0071                     _volt:
   342  0071                     	ds	1
   343  0072                     _dato:
   344  0072                     	ds	1
   345  0073                     _z:
   346  0073                     	ds	1
   347                           
   348                           	psect	cstackCOMMON
   349  0074                     __pcstackCOMMON:
   350  0074                     ?_setup:
   351  0074                     ?_cont_4:	
   352                           ; 1 bytes @ 0x0
   353                           
   354  0074                     ?_I2C_Slave_Init:	
   355                           ; 1 bytes @ 0x0
   356                           
   357  0074                     ?_isr:	
   358                           ; 1 bytes @ 0x0
   359                           
   360  0074                     ??_isr:	
   361                           ; 1 bytes @ 0x0
   362                           
   363  0074                     ?_main:	
   364                           ; 1 bytes @ 0x0
   365                           
   366                           
   367                           ; 1 bytes @ 0x0
   368  0074                     	ds	3
   369  0077                     ??_cont_4:
   370  0077                     ??_I2C_Slave_Init:	
   371                           ; 1 bytes @ 0x3
   372                           
   373  0077                     I2C_Slave_Init@address:	
   374                           ; 1 bytes @ 0x3
   375                           
   376                           
   377                           ; 1 bytes @ 0x3
   378  0077                     	ds	1
   379  0078                     ??_setup:
   380  0078                     ??_main:	
   381                           ; 1 bytes @ 0x4
   382                           
   383                           
   384                           	psect	maintext
   385  00DA                     __pmaintext:	
   386                           ; 1 bytes @ 0x4
   387 ;;
   388 ;;Main: autosize = 0, tempsize = 0, incstack = 0, save=0
   389 ;;
   390 ;; *************** function _main *****************
   391 ;; Defined at:
   392 ;;		line 112 in file "esclavo24.c"
   393 ;; Parameters:    Size  Location     Type
   394 ;;		None
   395 ;; Auto vars:     Size  Location     Type
   396 ;;		None
   397 ;; Return value:  Size  Location     Type
   398 ;;                  1    wreg      void 
   399 ;; Registers used:
   400 ;;		wreg, status,2, status,0, pclath, cstack
   401 ;; Tracked objects:
   402 ;;		On entry : B00/0
   403 ;;		On exit  : 0/0
   404 ;;		Unchanged: 0/0
   405 ;; Data sizes:     COMMON   BANK0   BANK1   BANK3   BANK2
   406 ;;      Params:         0       0       0       0       0
   407 ;;      Locals:         0       0       0       0       0
   408 ;;      Temps:          0       0       0       0       0
   409 ;;      Totals:         0       0       0       0       0
   410 ;;Total ram usage:        0 bytes
   411 ;; Hardware stack levels required when called: 3
   412 ;; This function calls:
   413 ;;		_cont_4
   414 ;;		_setup
   415 ;; This function is called by:
   416 ;;		Startup code after reset
   417 ;; This function uses a non-reentrant model
   418 ;;
   419                           
   420                           
   421                           ;psect for function _main
   422  00DA                     _main:
   423  00DA                     l898:	
   424                           ;incstack = 0
   425                           ; Regs used in _main: [wreg+status,2+status,0+pclath+cstack]
   426                           
   427                           
   428                           ;esclavo24.c: 113:     setup();
   429  00DA  120A  118A  2091  120A  118A  	fcall	_setup
   430  00DF                     l141:	
   431                           ;esclavo24.c: 115:     while(1){
   432                           
   433                           
   434                           ;esclavo24.c: 117:         cont_4();
   435  00DF  120A  118A  20E8  120A  118A  	fcall	_cont_4
   436  00E4  28DF               	goto	l141
   437  00E5  120A  118A  280C   	ljmp	start
   438  00E8                     __end_of_main:
   439                           
   440                           	psect	text1
   441  0091                     __ptext1:	
   442 ;; *************** function _setup *****************
   443 ;; Defined at:
   444 ;;		line 126 in file "esclavo24.c"
   445 ;; Parameters:    Size  Location     Type
   446 ;;		None
   447 ;; Auto vars:     Size  Location     Type
   448 ;;		None
   449 ;; Return value:  Size  Location     Type
   450 ;;                  1    wreg      void 
   451 ;; Registers used:
   452 ;;		wreg, status,2, status,0, pclath, cstack
   453 ;; Tracked objects:
   454 ;;		On entry : 0/0
   455 ;;		On exit  : 0/0
   456 ;;		Unchanged: 0/0
   457 ;; Data sizes:     COMMON   BANK0   BANK1   BANK3   BANK2
   458 ;;      Params:         0       0       0       0       0
   459 ;;      Locals:         0       0       0       0       0
   460 ;;      Temps:          0       0       0       0       0
   461 ;;      Totals:         0       0       0       0       0
   462 ;;Total ram usage:        0 bytes
   463 ;; Hardware stack levels used: 1
   464 ;; Hardware stack levels required when called: 2
   465 ;; This function calls:
   466 ;;		_I2C_Slave_Init
   467 ;; This function is called by:
   468 ;;		_main
   469 ;; This function uses a non-reentrant model
   470 ;;
   471                           
   472                           
   473                           ;psect for function _setup
   474  0091                     _setup:
   475  0091                     l762:	
   476                           ;incstack = 0
   477                           ; Regs used in _setup: [wreg+status,2+status,0+pclath+cstack]
   478                           
   479                           
   480                           ;esclavo24.c: 127:     ANSEL = 0b00000000;
   481  0091  1683               	bsf	3,5	;RP0=1, select bank3
   482  0092  1703               	bsf	3,6	;RP1=1, select bank3
   483  0093  0188               	clrf	8	;volatile
   484                           
   485                           ;esclavo24.c: 128:     ANSELH = 0;
   486  0094  0189               	clrf	9	;volatile
   487  0095                     l764:
   488                           
   489                           ;esclavo24.c: 130:     TRISBbits.TRISB0 = 1;
   490  0095  1683               	bsf	3,5	;RP0=1, select bank1
   491  0096  1303               	bcf	3,6	;RP1=0, select bank1
   492  0097  1406               	bsf	6,0	;volatile
   493  0098                     l766:
   494                           
   495                           ;esclavo24.c: 131:     TRISBbits.TRISB1 = 1;
   496  0098  1486               	bsf	6,1	;volatile
   497  0099                     l768:
   498                           
   499                           ;esclavo24.c: 133:     TRISDbits.TRISD0 = 0;
   500  0099  1008               	bcf	8,0	;volatile
   501  009A                     l770:
   502                           
   503                           ;esclavo24.c: 134:     TRISDbits.TRISD1 = 0;
   504  009A  1088               	bcf	8,1	;volatile
   505  009B                     l772:
   506                           
   507                           ;esclavo24.c: 135:     TRISDbits.TRISD2 = 0;
   508  009B  1108               	bcf	8,2	;volatile
   509  009C                     l774:
   510                           
   511                           ;esclavo24.c: 136:     TRISDbits.TRISD3 = 0;
   512  009C  1188               	bcf	8,3	;volatile
   513                           
   514                           ;esclavo24.c: 139:     PORTA = 0x00;
   515  009D  1283               	bcf	3,5	;RP0=0, select bank0
   516  009E  1303               	bcf	3,6	;RP1=0, select bank0
   517  009F  0185               	clrf	5	;volatile
   518                           
   519                           ;esclavo24.c: 140:     PORTB = 0x00;
   520  00A0  0186               	clrf	6	;volatile
   521                           
   522                           ;esclavo24.c: 141:     PORTC = 0x00;
   523  00A1  0187               	clrf	7	;volatile
   524                           
   525                           ;esclavo24.c: 142:     PORTD = 0x00;
   526  00A2  0188               	clrf	8	;volatile
   527                           
   528                           ;esclavo24.c: 143:     PORTE = 0x00;
   529  00A3  0189               	clrf	9	;volatile
   530  00A4                     l776:
   531                           
   532                           ;esclavo24.c: 146:     OSCCONbits.IRCF0 = 0;
   533  00A4  1683               	bsf	3,5	;RP0=1, select bank1
   534  00A5  1303               	bcf	3,6	;RP1=0, select bank1
   535  00A6  120F               	bcf	15,4	;volatile
   536  00A7                     l778:
   537                           
   538                           ;esclavo24.c: 147:     OSCCONbits.IRCF1 = 1;
   539  00A7  168F               	bsf	15,5	;volatile
   540  00A8                     l780:
   541                           
   542                           ;esclavo24.c: 148:     OSCCONbits.IRCF2 = 1;
   543  00A8  170F               	bsf	15,6	;volatile
   544  00A9                     l782:
   545                           
   546                           ;esclavo24.c: 149:     OSCCONbits.SCS = 1;
   547  00A9  140F               	bsf	15,0	;volatile
   548  00AA                     l784:
   549                           
   550                           ;esclavo24.c: 152:     PIE1bits.ADIE = 1;
   551  00AA  170C               	bsf	12,6	;volatile
   552  00AB                     l786:
   553                           
   554                           ;esclavo24.c: 153:     PIR1bits.ADIF = 0;
   555  00AB  1283               	bcf	3,5	;RP0=0, select bank0
   556  00AC  1303               	bcf	3,6	;RP1=0, select bank0
   557  00AD  130C               	bcf	12,6	;volatile
   558  00AE                     l788:
   559                           
   560                           ;esclavo24.c: 154:     INTCONbits.GIE = 1;
   561  00AE  178B               	bsf	11,7	;volatile
   562  00AF                     l790:
   563                           
   564                           ;esclavo24.c: 155:     INTCONbits.PEIE = 1;
   565  00AF  170B               	bsf	11,6	;volatile
   566  00B0                     l792:
   567                           
   568                           ;esclavo24.c: 156:     INTCONbits.RBIF = 1;
   569  00B0  140B               	bsf	11,0	;volatile
   570  00B1                     l794:
   571                           
   572                           ;esclavo24.c: 157:     INTCONbits.RBIE = 1;
   573  00B1  158B               	bsf	11,3	;volatile
   574  00B2                     l796:
   575                           
   576                           ;esclavo24.c: 160:     OPTION_REGbits.nRBPU = 0;
   577  00B2  1683               	bsf	3,5	;RP0=1, select bank1
   578  00B3  1303               	bcf	3,6	;RP1=0, select bank1
   579  00B4  1381               	bcf	1,7	;volatile
   580  00B5                     l798:
   581                           
   582                           ;esclavo24.c: 161:     WPUB = 0b00000011;
   583  00B5  3003               	movlw	3
   584  00B6  0095               	movwf	21	;volatile
   585  00B7                     l800:
   586                           
   587                           ;esclavo24.c: 162:     IOCBbits.IOCB0 = 1;
   588  00B7  1416               	bsf	22,0	;volatile
   589  00B8                     l802:
   590                           
   591                           ;esclavo24.c: 163:     IOCBbits.IOCB1 = 1;
   592  00B8  1496               	bsf	22,1	;volatile
   593  00B9                     l804:
   594                           
   595                           ;esclavo24.c: 166:     I2C_Slave_Init(0x90);
   596  00B9  3090               	movlw	144
   597  00BA  120A  118A  20C0  120A  118A  	fcall	_I2C_Slave_Init
   598  00BF                     l147:
   599  00BF  0008               	return
   600  00C0                     __end_of_setup:
   601                           
   602                           	psect	text2
   603  00C0                     __ptext2:	
   604 ;; *************** function _I2C_Slave_Init *****************
   605 ;; Defined at:
   606 ;;		line 90 in file "i2c.c"
   607 ;; Parameters:    Size  Location     Type
   608 ;;  address         1    wreg     unsigned char 
   609 ;; Auto vars:     Size  Location     Type
   610 ;;  address         1    3[COMMON] unsigned char 
   611 ;; Return value:  Size  Location     Type
   612 ;;                  1    wreg      void 
   613 ;; Registers used:
   614 ;;		wreg
   615 ;; Tracked objects:
   616 ;;		On entry : 0/0
   617 ;;		On exit  : 0/0
   618 ;;		Unchanged: 0/0
   619 ;; Data sizes:     COMMON   BANK0   BANK1   BANK3   BANK2
   620 ;;      Params:         0       0       0       0       0
   621 ;;      Locals:         1       0       0       0       0
   622 ;;      Temps:          0       0       0       0       0
   623 ;;      Totals:         1       0       0       0       0
   624 ;;Total ram usage:        1 bytes
   625 ;; Hardware stack levels used: 1
   626 ;; Hardware stack levels required when called: 1
   627 ;; This function calls:
   628 ;;		Nothing
   629 ;; This function is called by:
   630 ;;		_setup
   631 ;; This function uses a non-reentrant model
   632 ;;
   633                           
   634                           
   635                           ;psect for function _I2C_Slave_Init
   636  00C0                     _I2C_Slave_Init:
   637                           
   638                           ;incstack = 0
   639                           ; Regs used in _I2C_Slave_Init: [wreg]
   640                           ;I2C_Slave_Init@address stored from wreg
   641  00C0  00F7               	movwf	I2C_Slave_Init@address
   642  00C1                     l744:
   643                           
   644                           ;i2c.c: 90: void I2C_Slave_Init(uint8_t address);i2c.c: 91: {;i2c.c: 92:     SSPADD = ad
      +                          dress;
   645  00C1  0877               	movf	I2C_Slave_Init@address,w
   646  00C2  1683               	bsf	3,5	;RP0=1, select bank1
   647  00C3  1303               	bcf	3,6	;RP1=0, select bank1
   648  00C4  0093               	movwf	19	;volatile
   649                           
   650                           ;i2c.c: 93:     SSPCON = 0x36;
   651  00C5  3036               	movlw	54
   652  00C6  1283               	bcf	3,5	;RP0=0, select bank0
   653  00C7  1303               	bcf	3,6	;RP1=0, select bank0
   654  00C8  0094               	movwf	20	;volatile
   655                           
   656                           ;i2c.c: 94:     SSPSTAT = 0x80;
   657  00C9  3080               	movlw	128
   658  00CA  1683               	bsf	3,5	;RP0=1, select bank1
   659  00CB  1303               	bcf	3,6	;RP1=0, select bank1
   660  00CC  0094               	movwf	20	;volatile
   661                           
   662                           ;i2c.c: 95:     SSPCON2 = 0x01;
   663  00CD  3001               	movlw	1
   664  00CE  0091               	movwf	17	;volatile
   665  00CF                     l746:
   666                           
   667                           ;i2c.c: 96:     TRISC3 = 1;
   668  00CF  1587               	bsf	7,3	;volatile
   669  00D0                     l748:
   670                           
   671                           ;i2c.c: 97:     TRISC4 = 1;
   672  00D0  1607               	bsf	7,4	;volatile
   673  00D1                     l750:
   674                           
   675                           ;i2c.c: 98:     GIE = 1;
   676  00D1  178B               	bsf	11,7	;volatile
   677  00D2                     l752:
   678                           
   679                           ;i2c.c: 99:     PEIE = 1;
   680  00D2  170B               	bsf	11,6	;volatile
   681  00D3                     l754:
   682                           
   683                           ;i2c.c: 100:     SSPIF = 0;
   684  00D3  1283               	bcf	3,5	;RP0=0, select bank0
   685  00D4  1303               	bcf	3,6	;RP1=0, select bank0
   686  00D5  118C               	bcf	12,3	;volatile
   687  00D6                     l756:
   688                           
   689                           ;i2c.c: 101:     SSPIE = 1;
   690  00D6  1683               	bsf	3,5	;RP0=1, select bank1
   691  00D7  1303               	bcf	3,6	;RP1=0, select bank1
   692  00D8  158C               	bsf	12,3	;volatile
   693  00D9                     l55:
   694  00D9  0008               	return
   695  00DA                     __end_of_I2C_Slave_Init:
   696                           
   697                           	psect	text3
   698  00E8                     __ptext3:	
   699 ;; *************** function _cont_4 *****************
   700 ;; Defined at:
   701 ;;		line 170 in file "esclavo24.c"
   702 ;; Parameters:    Size  Location     Type
   703 ;;		None
   704 ;; Auto vars:     Size  Location     Type
   705 ;;		None
   706 ;; Return value:  Size  Location     Type
   707 ;;                  1    wreg      void 
   708 ;; Registers used:
   709 ;;		wreg, status,2
   710 ;; Tracked objects:
   711 ;;		On entry : 0/0
   712 ;;		On exit  : 0/0
   713 ;;		Unchanged: 0/0
   714 ;; Data sizes:     COMMON   BANK0   BANK1   BANK3   BANK2
   715 ;;      Params:         0       0       0       0       0
   716 ;;      Locals:         0       0       0       0       0
   717 ;;      Temps:          0       0       0       0       0
   718 ;;      Totals:         0       0       0       0       0
   719 ;;Total ram usage:        0 bytes
   720 ;; Hardware stack levels used: 1
   721 ;; Hardware stack levels required when called: 1
   722 ;; This function calls:
   723 ;;		Nothing
   724 ;; This function is called by:
   725 ;;		_main
   726 ;; This function uses a non-reentrant model
   727 ;;
   728                           
   729                           
   730                           ;psect for function _cont_4
   731  00E8                     _cont_4:
   732  00E8                     l806:	
   733                           ;incstack = 0
   734                           ; Regs used in _cont_4: [wreg+status,2]
   735                           
   736                           
   737                           ;esclavo24.c: 171:     if (count < 16){
   738  00E8  3010               	movlw	16
   739  00E9  0270               	subwf	_count,w
   740  00EA  1803               	skipnc
   741  00EB  28ED               	goto	u31
   742  00EC  28EE               	goto	u30
   743  00ED                     u31:
   744  00ED  28F3               	goto	l810
   745  00EE                     u30:
   746  00EE                     l808:
   747                           
   748                           ;esclavo24.c: 172:         PORTD = count;
   749  00EE  0870               	movf	_count,w
   750  00EF  1283               	bcf	3,5	;RP0=0, select bank0
   751  00F0  1303               	bcf	3,6	;RP1=0, select bank0
   752  00F1  0088               	movwf	8	;volatile
   753                           
   754                           ;esclavo24.c: 173:     }
   755  00F2  28F4               	goto	l152
   756  00F3                     l810:
   757                           
   758                           ;esclavo24.c: 175:         count = 0;
   759  00F3  01F0               	clrf	_count
   760  00F4                     l152:
   761  00F4  0008               	return
   762  00F5                     __end_of_cont_4:
   763                           
   764                           	psect	text4
   765  0017                     __ptext4:	
   766 ;; *************** function _isr *****************
   767 ;; Defined at:
   768 ;;		line 58 in file "esclavo24.c"
   769 ;; Parameters:    Size  Location     Type
   770 ;;		None
   771 ;; Auto vars:     Size  Location     Type
   772 ;;		None
   773 ;; Return value:  Size  Location     Type
   774 ;;                  1    wreg      void 
   775 ;; Registers used:
   776 ;;		wreg, status,2, status,0
   777 ;; Tracked objects:
   778 ;;		On entry : 0/0
   779 ;;		On exit  : 0/0
   780 ;;		Unchanged: 0/0
   781 ;; Data sizes:     COMMON   BANK0   BANK1   BANK3   BANK2
   782 ;;      Params:         0       0       0       0       0
   783 ;;      Locals:         0       0       0       0       0
   784 ;;      Temps:          3       0       0       0       0
   785 ;;      Totals:         3       0       0       0       0
   786 ;;Total ram usage:        3 bytes
   787 ;; Hardware stack levels used: 1
   788 ;; This function calls:
   789 ;;		Nothing
   790 ;; This function is called by:
   791 ;;		Interrupt level 1
   792 ;; This function uses a non-reentrant model
   793 ;;
   794                           
   795                           
   796                           ;psect for function _isr
   797  0017                     _isr:
   798  0017                     i1l852:
   799                           
   800                           ;esclavo24.c: 62:     if (RBIF == 1)
   801  0017  1C0B               	btfss	11,0	;volatile
   802  0018  281A               	goto	u6_21
   803  0019  281B               	goto	u6_20
   804  001A                     u6_21:
   805  001A  2830               	goto	i1l864
   806  001B                     u6_20:
   807  001B                     i1l854:
   808                           
   809                           ;esclavo24.c: 63:     {;esclavo24.c: 64:         if (PORTBbits.RB0 == 0)
   810  001B  1283               	bcf	3,5	;RP0=0, select bank0
   811  001C  1303               	bcf	3,6	;RP1=0, select bank0
   812  001D  1806               	btfsc	6,0	;volatile
   813  001E  2820               	goto	u7_21
   814  001F  2821               	goto	u7_20
   815  0020                     u7_21:
   816  0020  2826               	goto	i1l858
   817  0021                     u7_20:
   818  0021                     i1l856:
   819                           
   820                           ;esclavo24.c: 65:         {;esclavo24.c: 66:             count = count + 1;
   821  0021  0870               	movf	_count,w
   822  0022  3E01               	addlw	1
   823  0023  00F4               	movwf	??_isr
   824  0024  0874               	movf	??_isr,w
   825  0025  00F0               	movwf	_count
   826  0026                     i1l858:
   827                           
   828                           ;esclavo24.c: 68:         if (PORTBbits.RB1 == 0)
   829  0026  1886               	btfsc	6,1	;volatile
   830  0027  2829               	goto	u8_21
   831  0028  282A               	goto	u8_20
   832  0029                     u8_21:
   833  0029  282F               	goto	i1l862
   834  002A                     u8_20:
   835  002A                     i1l860:
   836                           
   837                           ;esclavo24.c: 69:         {;esclavo24.c: 70:             count = count - 1;
   838  002A  0870               	movf	_count,w
   839  002B  3EFF               	addlw	255
   840  002C  00F4               	movwf	??_isr
   841  002D  0874               	movf	??_isr,w
   842  002E  00F0               	movwf	_count
   843  002F                     i1l862:
   844                           
   845                           ;esclavo24.c: 72:         INTCONbits.RBIF = 0;
   846  002F  100B               	bcf	11,0	;volatile
   847  0030                     i1l864:
   848                           
   849                           ;esclavo24.c: 75:     if(PIR1bits.SSPIF == 1){
   850  0030  1283               	bcf	3,5	;RP0=0, select bank0
   851  0031  1303               	bcf	3,6	;RP1=0, select bank0
   852  0032  1D8C               	btfss	12,3	;volatile
   853  0033  2835               	goto	u9_21
   854  0034  2836               	goto	u9_20
   855  0035                     u9_21:
   856  0035  288A               	goto	i1l136
   857  0036                     u9_20:
   858  0036                     i1l866:
   859                           
   860                           ;esclavo24.c: 77:         SSPCONbits.CKP = 0;
   861  0036  1214               	bcf	20,4	;volatile
   862                           
   863                           ;esclavo24.c: 79:         if ((SSPCONbits.SSPOV) || (SSPCONbits.WCOL)){
   864  0037  1B14               	btfsc	20,6	;volatile
   865  0038  283A               	goto	u10_21
   866  0039  283B               	goto	u10_20
   867  003A                     u10_21:
   868  003A  283F               	goto	i1l870
   869  003B                     u10_20:
   870  003B                     i1l868:
   871  003B  1F94               	btfss	20,7	;volatile
   872  003C  283E               	goto	u11_21
   873  003D  283F               	goto	u11_20
   874  003E                     u11_21:
   875  003E  2846               	goto	i1l878
   876  003F                     u11_20:
   877  003F                     i1l870:
   878                           
   879                           ;esclavo24.c: 80:             z = SSPBUF;
   880  003F  0813               	movf	19,w	;volatile
   881  0040  00F4               	movwf	??_isr
   882  0041  0874               	movf	??_isr,w
   883  0042  00F3               	movwf	_z
   884  0043                     i1l872:
   885                           
   886                           ;esclavo24.c: 81:             SSPCONbits.SSPOV = 0;
   887  0043  1314               	bcf	20,6	;volatile
   888  0044                     i1l874:
   889                           
   890                           ;esclavo24.c: 82:             SSPCONbits.WCOL = 0;
   891  0044  1394               	bcf	20,7	;volatile
   892  0045                     i1l876:
   893                           
   894                           ;esclavo24.c: 83:             SSPCONbits.CKP = 1;
   895  0045  1614               	bsf	20,4	;volatile
   896  0046                     i1l878:
   897                           
   898                           ;esclavo24.c: 86:         if(!SSPSTATbits.D_nA && !SSPSTATbits.R_nW) {
   899  0046  1683               	bsf	3,5	;RP0=1, select bank1
   900  0047  1303               	bcf	3,6	;RP1=0, select bank1
   901  0048  1A94               	btfsc	20,5	;volatile
   902  0049  284B               	goto	u12_21
   903  004A  284C               	goto	u12_20
   904  004B                     u12_21:
   905  004B  2867               	goto	i1l127
   906  004C                     u12_20:
   907  004C                     i1l880:
   908  004C  1914               	btfsc	20,2	;volatile
   909  004D  284F               	goto	u13_21
   910  004E  2850               	goto	u13_20
   911  004F                     u13_21:
   912  004F  2867               	goto	i1l127
   913  0050                     u13_20:
   914  0050                     i1l882:
   915                           
   916                           ;esclavo24.c: 88:             z = SSPBUF;
   917  0050  1283               	bcf	3,5	;RP0=0, select bank0
   918  0051  1303               	bcf	3,6	;RP1=0, select bank0
   919  0052  0813               	movf	19,w	;volatile
   920  0053  00F4               	movwf	??_isr
   921  0054  0874               	movf	??_isr,w
   922  0055  00F3               	movwf	_z
   923  0056                     i1l884:
   924                           
   925                           ;esclavo24.c: 90:             PIR1bits.SSPIF = 0;
   926  0056  118C               	bcf	12,3	;volatile
   927  0057                     i1l886:
   928                           
   929                           ;esclavo24.c: 91:             SSPCONbits.CKP = 1;
   930  0057  1614               	bsf	20,4	;volatile
   931  0058                     i1l128:	
   932                           ;esclavo24.c: 92:             while(!SSPSTATbits.BF);
   933                           
   934  0058  1683               	bsf	3,5	;RP0=1, select bank1
   935  0059  1303               	bcf	3,6	;RP1=0, select bank1
   936  005A  1C14               	btfss	20,0	;volatile
   937  005B  285D               	goto	u14_21
   938  005C  285E               	goto	u14_20
   939  005D                     u14_21:
   940  005D  2858               	goto	i1l128
   941  005E                     u14_20:
   942  005E                     i1l888:
   943                           
   944                           ;esclavo24.c: 93:             PORTA = SSPBUF;
   945  005E  1283               	bcf	3,5	;RP0=0, select bank0
   946  005F  1303               	bcf	3,6	;RP1=0, select bank0
   947  0060  0813               	movf	19,w	;volatile
   948  0061  0085               	movwf	5	;volatile
   949                           
   950                           ;esclavo24.c: 94:             _delay((unsigned long)((250)*(4000000/4000000.0)));
   951  0062  3053               	movlw	83
   952  0063  00F4               	movwf	??_isr
   953  0064                     u18_27:
   954  0064  0BF4               	decfsz	??_isr,f
   955  0065  2864               	goto	u18_27
   956                           
   957                           ;esclavo24.c: 96:         }else if(!SSPSTATbits.D_nA && SSPSTATbits.R_nW){
   958  0066  2887               	goto	i1l131
   959  0067                     i1l127:
   960  0067  1A94               	btfsc	20,5	;volatile
   961  0068  286A               	goto	u15_21
   962  0069  286B               	goto	u15_20
   963  006A                     u15_21:
   964  006A  2887               	goto	i1l131
   965  006B                     u15_20:
   966  006B                     i1l890:
   967  006B  1D14               	btfss	20,2	;volatile
   968  006C  286E               	goto	u16_21
   969  006D  286F               	goto	u16_20
   970  006E                     u16_21:
   971  006E  2887               	goto	i1l131
   972  006F                     u16_20:
   973  006F                     i1l892:
   974                           
   975                           ;esclavo24.c: 97:             z = SSPBUF;
   976  006F  1283               	bcf	3,5	;RP0=0, select bank0
   977  0070  1303               	bcf	3,6	;RP1=0, select bank0
   978  0071  0813               	movf	19,w	;volatile
   979  0072  00F4               	movwf	??_isr
   980  0073  0874               	movf	??_isr,w
   981  0074  00F3               	movwf	_z
   982  0075                     i1l894:
   983                           
   984                           ;esclavo24.c: 98:             BF = 0;
   985  0075  1683               	bsf	3,5	;RP0=1, select bank1
   986  0076  1303               	bcf	3,6	;RP1=0, select bank1
   987  0077  1014               	bcf	20,0	;volatile
   988                           
   989                           ;esclavo24.c: 99:             SSPBUF = count;
   990  0078  0870               	movf	_count,w
   991  0079  1283               	bcf	3,5	;RP0=0, select bank0
   992  007A  1303               	bcf	3,6	;RP1=0, select bank0
   993  007B  0093               	movwf	19	;volatile
   994  007C                     i1l896:
   995                           
   996                           ;esclavo24.c: 100:             SSPCONbits.CKP = 1;
   997  007C  1614               	bsf	20,4	;volatile
   998                           
   999                           ;esclavo24.c: 101:             _delay((unsigned long)((250)*(4000000/4000000.0)));
  1000  007D  3053               	movlw	83
  1001  007E  00F4               	movwf	??_isr
  1002  007F                     u19_27:
  1003  007F  0BF4               	decfsz	??_isr,f
  1004  0080  287F               	goto	u19_27
  1005  0081                     i1l133:	
  1006                           ;esclavo24.c: 102:             while(SSPSTATbits.BF);
  1007                           
  1008  0081  1683               	bsf	3,5	;RP0=1, select bank1
  1009  0082  1303               	bcf	3,6	;RP1=0, select bank1
  1010  0083  1814               	btfsc	20,0	;volatile
  1011  0084  2886               	goto	u17_21
  1012  0085  2887               	goto	u17_20
  1013  0086                     u17_21:
  1014  0086  2881               	goto	i1l133
  1015  0087                     u17_20:
  1016  0087                     i1l131:
  1017                           
  1018                           ;esclavo24.c: 105:         PIR1bits.SSPIF = 0;
  1019  0087  1283               	bcf	3,5	;RP0=0, select bank0
  1020  0088  1303               	bcf	3,6	;RP1=0, select bank0
  1021  0089  118C               	bcf	12,3	;volatile
  1022  008A                     i1l136:
  1023  008A  0876               	movf	??_isr+2,w
  1024  008B  008A               	movwf	10
  1025  008C  0E75               	swapf	??_isr+1,w
  1026  008D  0083               	movwf	3
  1027  008E  0EFE               	swapf	btemp,f
  1028  008F  0E7E               	swapf	btemp,w
  1029  0090  0009               	retfie
  1030  0091                     __end_of_isr:
  1031  007E                     btemp	set	126	;btemp
  1032  007E                     wtemp0	set	126
  1033                           
  1034                           	psect	intentry
  1035  0004                     __pintentry:	
  1036                           ;incstack = 0
  1037                           ; Regs used in _isr: [wreg+status,2+status,0]
  1038                           
  1039  0004                     interrupt_function:
  1040  007E                     saved_w	set	btemp
  1041  0004  00FE               	movwf	btemp
  1042  0005  0E03               	swapf	3,w
  1043  0006  00F5               	movwf	??_isr+1
  1044  0007  080A               	movf	10,w
  1045  0008  00F6               	movwf	??_isr+2
  1046  0009  120A  118A  2817   	ljmp	_isr
  1047                           
  1048                           	psect	config
  1049                           
  1050                           ;Config register CONFIG1 @ 0x2007
  1051                           ;	Oscillator Selection bits
  1052                           ;	FOSC = INTRC_NOCLKOUT, INTOSCIO oscillator: I/O function on RA6/OSC2/CLKOUT pin, I/O f
      +                          unction on RA7/OSC1/CLKIN
  1053                           ;	Watchdog Timer Enable bit
  1054                           ;	WDTE = OFF, WDT disabled and can be enabled by SWDTEN bit of the WDTCON register
  1055                           ;	Power-up Timer Enable bit
  1056                           ;	PWRTE = OFF, PWRT disabled
  1057                           ;	RE3/MCLR pin function select bit
  1058                           ;	MCLRE = OFF, RE3/MCLR pin function is digital input, MCLR internally tied to VDD
  1059                           ;	Code Protection bit
  1060                           ;	CP = OFF, Program memory code protection is disabled
  1061                           ;	Data Code Protection bit
  1062                           ;	CPD = OFF, Data memory code protection is disabled
  1063                           ;	Brown Out Reset Selection bits
  1064                           ;	BOREN = OFF, BOR disabled
  1065                           ;	Internal External Switchover bit
  1066                           ;	IESO = OFF, Internal/External Switchover mode is disabled
  1067                           ;	Fail-Safe Clock Monitor Enabled bit
  1068                           ;	FCMEN = OFF, Fail-Safe Clock Monitor is disabled
  1069                           ;	Low Voltage Programming Enable bit
  1070                           ;	LVP = OFF, RB3 pin has digital I/O, HV on MCLR must be used for programming
  1071                           ;	In-Circuit Debugger Mode bit
  1072                           ;	DEBUG = 0x1, unprogrammed default
  1073  2007                     	org	8199
  1074  2007  20D4               	dw	8404
  1075                           
  1076                           ;Config register CONFIG2 @ 0x2008
  1077                           ;	Brown-out Reset Selection bit
  1078                           ;	BOR4V = BOR40V, Brown-out Reset set to 4.0V
  1079                           ;	Flash Program Memory Self Write Enable bits
  1080                           ;	WRT = OFF, Write protection off
  1081  2008                     	org	8200
  1082  2008  3FFF               	dw	16383

Data Sizes:
    Strings     0
    Constant    0
    Data        0
    BSS         4
    Persistent  0
    Stack       0

Auto Spaces:
    Space          Size  Autos    Used
    COMMON           14      4       8
    BANK0            80      0       0
    BANK1            80      0       0
    BANK3            96      0       0
    BANK2            96      0       0

Pointer List with Targets:

    None.

Critical Paths under _main in COMMON

    _setup->_I2C_Slave_Init

Critical Paths under _isr in COMMON

    None.

Critical Paths under _main in BANK0

    None.

Critical Paths under _isr in BANK0

    None.

Critical Paths under _main in BANK1

    None.

Critical Paths under _isr in BANK1

    None.

Critical Paths under _main in BANK3

    None.

Critical Paths under _isr in BANK3

    None.

Critical Paths under _main in BANK2

    None.

Critical Paths under _isr in BANK2

    None.

Call Graph Tables:

 ---------------------------------------------------------------------------------
 (Depth) Function   	        Calls       Base Space   Used Autos Params    Refs
 ---------------------------------------------------------------------------------
 (0) _main                                                 0     0      0      15
                             _cont_4
                              _setup
 ---------------------------------------------------------------------------------
 (1) _setup                                                0     0      0      15
                     _I2C_Slave_Init
 ---------------------------------------------------------------------------------
 (2) _I2C_Slave_Init                                       1     1      0      15
                                              3 COMMON     1     1      0
 ---------------------------------------------------------------------------------
 (1) _cont_4                                               0     0      0       0
 ---------------------------------------------------------------------------------
 Estimated maximum stack depth 2
 ---------------------------------------------------------------------------------
 (Depth) Function   	        Calls       Base Space   Used Autos Params    Refs
 ---------------------------------------------------------------------------------
 (3) _isr                                                  3     3      0       0
                                              0 COMMON     3     3      0
 ---------------------------------------------------------------------------------
 Estimated maximum stack depth 3
 ---------------------------------------------------------------------------------

 Call Graph Graphs:

 _main (ROOT)
   _cont_4
   _setup
     _I2C_Slave_Init

 _isr (ROOT)

 Address spaces:
Name               Size   Autos  Total    Cost      Usage
BITCOMMON            E      0       0       0        0.0%
EEDATA             100      0       0       0        0.0%
NULL                 0      0       0       0        0.0%
CODE                 0      0       0       0        0.0%
COMMON               E      4       8       1       57.1%
BITSFR0              0      0       0       1        0.0%
SFR0                 0      0       0       1        0.0%
BITSFR1              0      0       0       2        0.0%
SFR1                 0      0       0       2        0.0%
STACK                0      0       0       2        0.0%
ABS                  0      0       8       3        0.0%
BITBANK0            50      0       0       4        0.0%
BITSFR3              0      0       0       4        0.0%
SFR3                 0      0       0       4        0.0%
BANK0               50      0       0       5        0.0%
BITSFR2              0      0       0       5        0.0%
SFR2                 0      0       0       5        0.0%
BITBANK1            50      0       0       6        0.0%
BANK1               50      0       0       7        0.0%
BITBANK3            60      0       0       8        0.0%
BANK3               60      0       0       9        0.0%
BITBANK2            60      0       0      10        0.0%
BANK2               60      0       0      11        0.0%
DATA                 0      0       8      12        0.0%


Microchip Technology PIC Macro Assembler V2.32 build 20210201212658 
Symbol Table                                                                                   Wed Aug 11 13:48:15 2021

                      _z 0073              _SSPSTATbits 0094                       _BF 04A0  
                     l55 00D9                       u30 00EE                       u31 00ED  
                    l141 00DF                      l152 00F4                      l147 00BF  
                    l800 00B7                      l810 00F3                      l802 00B8  
                    l804 00B9                      l806 00E8                      l750 00D1  
                    l808 00EE                      l752 00D2                      l744 00C1  
                    l754 00D3                      l746 00CF                      l770 009A  
                    l762 0091                      l756 00D6                      l748 00D0  
                    l780 00A8                      l772 009B                      l764 0095  
                    l790 00AF                      l782 00A9                      l774 009C  
                    l766 0098                      l792 00B0                      l784 00AA  
                    l776 00A4                      l768 0099                      l794 00B1  
                    l786 00AB                      l778 00A7                      l796 00B2  
                    l788 00AE                      l798 00B5                      l898 00DA  
                    _GIE 005F                      _isr 0017                     ?_isr 0074  
                   _PEIE 005E                     _RBIF 0058                     _WPUB 0095  
                   u6_20 001B                     u6_21 001A                     u7_20 0021  
                   u7_21 0020                     u8_20 002A                     u8_21 0029  
                   u9_20 0036                     u9_21 0035                     _dato 0072  
                   _main 00DA                     btemp 007E                     _volt 0071  
                   start 000C                    ??_isr 0074                    ?_main 0074  
                  _ANSEL 0188                    i1l131 0087                    i1l133 0081  
                  i1l127 0067                    i1l128 0058                    i1l136 008A  
                  i1l860 002A                    i1l852 0017                    i1l870 003F  
                  i1l862 002F                    i1l854 001B                    i1l880 004C  
                  i1l872 0043                    i1l856 0021                    i1l864 0030  
                  i1l890 006B                    i1l882 0050                    i1l874 0044  
                  i1l866 0036                    i1l858 0026                    i1l892 006F  
                  i1l884 0056                    i1l876 0045                    i1l868 003B  
                  i1l894 0075                    i1l886 0057                    i1l878 0046  
                  i1l896 007C                    i1l888 005E                    u10_20 003B  
                  u10_21 003A                    u11_20 003F                    u11_21 003E  
                  u12_20 004C                    u12_21 004B                    u13_20 0050  
                  u13_21 004F                    u14_20 005E                    u14_21 005D  
                  u15_20 006B                    u15_21 006A                    u16_20 006F  
                  u16_21 006E                    u17_20 0087                    u17_21 0086  
                  u18_27 0064                    _PORTA 0005                    _PORTB 0006  
                  _PORTC 0007                    _PORTD 0008                    _PORTE 0009  
                  u19_27 007F                    _SSPIE 0463                    _SSPIF 0063  
                  _count 0070                    _setup 0091                    pclath 000A  
                  status 0003                    wtemp0 007E          __initialization 000F  
           __end_of_main 00E8                   ??_main 0078                   ?_setup 0074  
                 _ANSELH 0189                   _SSPADD 0093                   _TRISC3 043B  
                 _TRISC4 043C                   _SSPCON 0014                   _SSPBUF 0013  
                 _cont_4 00E8                   saved_w 007E  __end_of__initialization 0013  
         __pcstackCOMMON 0074  __size_of_I2C_Slave_Init 001A            __end_of_setup 00C0  
         _OPTION_REGbits 0081                  ??_setup 0078    I2C_Slave_Init@address 0077  
             __pmaintext 00DA               __pintentry 0004                  ?_cont_4 0074  
                _SSPCON2 0091                  _SSPSTAT 0094          __size_of_cont_4 000D  
                __ptext1 0091                  __ptext2 00C0                  __ptext3 00E8  
                __ptext4 0017             __size_of_isr 007A     end_of_initialization 0013  
         _I2C_Slave_Init 00C0                _PORTBbits 0006                _TRISBbits 0086  
              _TRISCbits 0087                _TRISDbits 0088   __end_of_I2C_Slave_Init 00DA  
         __end_of_cont_4 00F5      start_initialization 000F              __end_of_isr 0091  
        ?_I2C_Slave_Init 0074                 ??_cont_4 0077              __pbssCOMMON 0070  
              ___latbits 0002           __size_of_setup 002F        interrupt_function 0004  
               _IOCBbits 0096                 _PIE1bits 008C                 _PIR1bits 000C  
       ??_I2C_Slave_Init 0077            __size_of_main 000E               _INTCONbits 000B  
               intlevel1 0000               _OSCCONbits 008F              _SSPCON2bits 0091  
             _SSPCONbits 0014  
